#
# There is insufficient memory for the Java Runtime Environment to continue.
# Native memory allocation (malloc) failed to allocate 2100688 bytes for Chunk::new
# Possible reasons:
#   The system is out of physical RAM or swap space
#   The process is running with CompressedOops enabled, and the Java Heap may be blocking the growth of the native heap
# Possible solutions:
#   Reduce memory load on the system
#   Increase physical memory or swap space
#   Check if swap backing store is full
#   Decrease Java heap size (-Xmx/-Xms)
#   Decrease number of Java threads
#   Decrease Java thread stack sizes (-Xss)
#   Set larger code cache with -XX:ReservedCodeCacheSize=
#   JVM is running with Unscaled Compressed Oops mode in which the Java heap is
#     placed in the first 4GB address space. The Java Heap base address is the
#     maximum limit for the native heap growth. Please use -XX:HeapBaseMinAddress
#     to set the Java Heap base and to place the Java Heap above 4GB virtual address.
# This output file may be truncated or incomplete.
#
#  Out of Memory Error (allocation.cpp:389), pid=16408, tid=0x0000000000002930
#
# JRE version: OpenJDK Runtime Environment (8.0_242-b01) (build 1.8.0_242-release-1644-b01)
# Java VM: OpenJDK 64-Bit Server VM (25.242-b01 mixed mode windows-amd64 compressed oops)
# Failed to write core dump. Minidumps are not enabled by default on client versions of Windows
#

---------------  T H R E A D  ---------------

Current thread (0x0000000019336800):  JavaThread "C2 CompilerThread0" daemon [_thread_in_native, id=10544, stack(0x000000001a980000,0x000000001aa80000)]

Stack: [0x000000001a980000,0x000000001aa80000]
[error occurred during error reporting (printing stack bounds), id 0xc0000005]

Native frames: (J=compiled Java code, j=interpreted, Vv=VM code, C=native code)


Current CompileTask:
C2:   9863 4187       4       java.security.SecureClassLoader::defineClass (16 bytes)


---------------  P R O C E S S  ---------------

Java Threads: ( => current thread )
  0x000000001bd6b000 JavaThread "pool-1-thread-1" [_thread_blocked, id=10628, stack(0x000000002ca20000,0x000000002cb20000)]
  0x000000001bd6e000 JavaThread "jar transforms Thread 92" [_thread_blocked, id=17280, stack(0x000000002c720000,0x000000002c820000)]
  0x000000001bd6d000 JavaThread "jar transforms Thread 91" [_thread_blocked, id=9760, stack(0x000000002c620000,0x000000002c720000)]
  0x000000001bd6b800 JavaThread "jar transforms Thread 90" [_thread_blocked, id=7160, stack(0x000000002c520000,0x000000002c620000)]
  0x00000000253e8800 JavaThread "jar transforms Thread 89" [_thread_blocked, id=13408, stack(0x000000002c420000,0x000000002c520000)]
  0x00000000253e8000 JavaThread "jar transforms Thread 88" [_thread_blocked, id=19640, stack(0x000000002c320000,0x000000002c420000)]
  0x00000000253e7000 JavaThread "jar transforms Thread 87" [_thread_blocked, id=3952, stack(0x000000002c220000,0x000000002c320000)]
  0x00000000253ea000 JavaThread "jar transforms Thread 86" [_thread_blocked, id=20188, stack(0x000000002c120000,0x000000002c220000)]
  0x00000000253e3800 JavaThread "jar transforms Thread 85" [_thread_blocked, id=18884, stack(0x000000002c020000,0x000000002c120000)]
  0x00000000253e9800 JavaThread "jar transforms Thread 84" [_thread_blocked, id=11700, stack(0x000000002bf20000,0x000000002c020000)]
  0x00000000253e6800 JavaThread "jar transforms Thread 83" [_thread_blocked, id=10256, stack(0x000000002be20000,0x000000002bf20000)]
  0x00000000253e4000 JavaThread "jar transforms Thread 82" [_thread_blocked, id=1980, stack(0x000000002bd20000,0x000000002be20000)]
  0x00000000253e5800 JavaThread "jar transforms Thread 81" [_thread_blocked, id=16016, stack(0x000000002bc20000,0x000000002bd20000)]
  0x00000000253e5000 JavaThread "jar transforms Thread 80" [_thread_blocked, id=4960, stack(0x000000002bb20000,0x000000002bc20000)]
  0x00000000253dc000 JavaThread "jar transforms Thread 79" [_thread_blocked, id=11048, stack(0x000000002ba20000,0x000000002bb20000)]
  0x00000000253e1000 JavaThread "jar transforms Thread 78" [_thread_blocked, id=8180, stack(0x000000002b920000,0x000000002ba20000)]
  0x00000000253e0800 JavaThread "jar transforms Thread 77" [_thread_blocked, id=18456, stack(0x000000002b820000,0x000000002b920000)]
  0x00000000253e2000 JavaThread "jar transforms Thread 76" [_thread_blocked, id=15036, stack(0x000000002b720000,0x000000002b820000)]
  0x00000000253df800 JavaThread "jar transforms Thread 75" [_thread_blocked, id=12804, stack(0x000000002b620000,0x000000002b720000)]
  0x00000000253e2800 JavaThread "jar transforms Thread 74" [_thread_blocked, id=4680, stack(0x000000002b520000,0x000000002b620000)]
  0x00000000253dc800 JavaThread "jar transforms Thread 73" [_thread_blocked, id=8128, stack(0x000000002b420000,0x000000002b520000)]
  0x00000000253db000 JavaThread "jar transforms Thread 72" [_thread_blocked, id=15860, stack(0x000000002b320000,0x000000002b420000)]
  0x00000000253de000 JavaThread "jar transforms Thread 71" [_thread_blocked, id=13952, stack(0x000000002b220000,0x000000002b320000)]
  0x00000000253dd800 JavaThread "jar transforms Thread 70" [_thread_blocked, id=15340, stack(0x000000002b120000,0x000000002b220000)]
  0x00000000253df000 JavaThread "jar transforms Thread 69" [_thread_blocked, id=16304, stack(0x000000002b020000,0x000000002b120000)]
  0x000000001d6a2000 JavaThread "jar transforms Thread 68" [_thread_blocked, id=2896, stack(0x000000002af20000,0x000000002b020000)]
  0x000000001d6a8000 JavaThread "jar transforms Thread 67" [_thread_blocked, id=1612, stack(0x000000002ae20000,0x000000002af20000)]
  0x000000001d6a7800 JavaThread "jar transforms Thread 66" [_thread_blocked, id=15708, stack(0x000000002ad20000,0x000000002ae20000)]
  0x000000001d6a6800 JavaThread "jar transforms Thread 65" [_thread_blocked, id=15072, stack(0x000000002ac20000,0x000000002ad20000)]
  0x000000001d6a5000 JavaThread "jar transforms Thread 64" [_thread_blocked, id=15692, stack(0x000000002ab20000,0x000000002ac20000)]
  0x000000001d6a9000 JavaThread "jar transforms Thread 63" [_thread_blocked, id=19516, stack(0x000000002aa20000,0x000000002ab20000)]
  0x000000001d6a4800 JavaThread "jar transforms Thread 62" [_thread_blocked, id=3712, stack(0x000000002a920000,0x000000002aa20000)]
  0x000000001d6a3800 JavaThread "jar transforms Thread 61" [_thread_blocked, id=8496, stack(0x000000002a820000,0x000000002a920000)]
  0x000000001d6a3000 JavaThread "jar transforms Thread 60" [_thread_blocked, id=20184, stack(0x000000002a720000,0x000000002a820000)]
  0x000000001d6a6000 JavaThread "jar transforms Thread 59" [_thread_blocked, id=16984, stack(0x000000002a620000,0x000000002a720000)]
  0x000000001d6a1800 JavaThread "jar transforms Thread 58" [_thread_blocked, id=724, stack(0x000000002a520000,0x000000002a620000)]
  0x000000001d69a000 JavaThread "jar transforms Thread 57" [_thread_blocked, id=7980, stack(0x000000002a420000,0x000000002a520000)]
  0x000000001d6a0800 JavaThread "jar transforms Thread 56" [_thread_blocked, id=2280, stack(0x000000002a320000,0x000000002a420000)]
  0x000000001d69e800 JavaThread "jar transforms Thread 55" [_thread_blocked, id=8920, stack(0x000000002a020000,0x000000002a120000)]
  0x000000001d69a800 JavaThread "jar transforms Thread 54" [_thread_blocked, id=18232, stack(0x0000000029f20000,0x000000002a020000)]
  0x000000001d69d000 JavaThread "jar transforms Thread 53" [_thread_blocked, id=18644, stack(0x0000000029e20000,0x0000000029f20000)]
  0x000000001d69b800 JavaThread "jar transforms Thread 52" [_thread_blocked, id=1688, stack(0x0000000029d20000,0x0000000029e20000)]
  0x000000001d6a0000 JavaThread "jar transforms Thread 51" [_thread_blocked, id=8996, stack(0x0000000029c20000,0x0000000029d20000)]
  0x000000001d69f000 JavaThread "jar transforms Thread 50" [_thread_blocked, id=12256, stack(0x0000000029b20000,0x0000000029c20000)]
  0x000000001d69d800 JavaThread "jar transforms Thread 49" [_thread_blocked, id=19344, stack(0x0000000029a20000,0x0000000029b20000)]
  0x000000001d69c000 JavaThread "jar transforms Thread 48" [_thread_blocked, id=8232, stack(0x0000000029920000,0x0000000029a20000)]
  0x000000001b7af000 JavaThread "jar transforms Thread 47" [_thread_blocked, id=20476, stack(0x0000000029820000,0x0000000029920000)]
  0x000000001b7af800 JavaThread "jar transforms Thread 46" [_thread_blocked, id=17164, stack(0x0000000029720000,0x0000000029820000)]
  0x000000001b7ae000 JavaThread "jar transforms Thread 45" [_thread_blocked, id=6464, stack(0x0000000029620000,0x0000000029720000)]
  0x000000001b7a6800 JavaThread "jar transforms Thread 44" [_thread_blocked, id=14472, stack(0x0000000029520000,0x0000000029620000)]
  0x000000001b7ad800 JavaThread "jar transforms Thread 43" [_thread_blocked, id=5036, stack(0x0000000029420000,0x0000000029520000)]
  0x000000001b7ac800 JavaThread "jar transforms Thread 42" [_thread_blocked, id=19100, stack(0x0000000029320000,0x0000000029420000)]
  0x000000001b7ab000 JavaThread "jar transforms Thread 41" [_thread_blocked, id=13172, stack(0x0000000029220000,0x0000000029320000)]
  0x000000001b7aa800 JavaThread "jar transforms Thread 40" [_thread_blocked, id=20132, stack(0x0000000029120000,0x0000000029220000)]
  0x000000001b7ac000 JavaThread "jar transforms Thread 39" [_thread_blocked, id=10652, stack(0x0000000029020000,0x0000000029120000)]
  0x000000001b7a4800 JavaThread "jar transforms Thread 38" [_thread_blocked, id=2584, stack(0x0000000028f20000,0x0000000029020000)]
  0x000000001b7a3800 JavaThread "jar transforms Thread 37" [_thread_blocked, id=7472, stack(0x0000000028e20000,0x0000000028f20000)]
  0x000000001b7a3000 JavaThread "jar transforms Thread 36" [_thread_blocked, id=10264, stack(0x0000000028d20000,0x0000000028e20000)]
  0x000000001b7a9800 JavaThread "jar transforms Thread 35" [_thread_blocked, id=12272, stack(0x0000000028c20000,0x0000000028d20000)]
  0x000000001b7a6000 JavaThread "jar transforms Thread 34" [_thread_blocked, id=10128, stack(0x0000000028b20000,0x0000000028c20000)]
  0x000000001b7a9000 JavaThread "jar transforms Thread 33" [_thread_blocked, id=3188, stack(0x0000000028a20000,0x0000000028b20000)]
  0x000000001b7a1800 JavaThread "jar transforms Thread 32" [_thread_blocked, id=18808, stack(0x0000000028920000,0x0000000028a20000)]
  0x000000001b7a8000 JavaThread "jar transforms Thread 31" [_thread_blocked, id=13220, stack(0x0000000028820000,0x0000000028920000)]
  0x000000001b7a0800 JavaThread "jar transforms Thread 30" [_thread_blocked, id=15092, stack(0x0000000028720000,0x0000000028820000)]
  0x000000001b7a7800 JavaThread "jar transforms Thread 29" [_thread_blocked, id=10196, stack(0x0000000028620000,0x0000000028720000)]
  0x000000001b7a2000 JavaThread "jar transforms Thread 28" [_thread_blocked, id=4272, stack(0x0000000028520000,0x0000000028620000)]
  0x000000001b7a5000 JavaThread "jar transforms Thread 27" [_thread_blocked, id=18116, stack(0x0000000026490000,0x0000000026590000)]
  0x000000001b03b800 JavaThread "jar transforms Thread 26" [_thread_blocked, id=2860, stack(0x0000000026390000,0x0000000026490000)]
  0x000000001b040800 JavaThread "Build operations Thread 12" [_thread_blocked, id=15460, stack(0x0000000028420000,0x0000000028520000)]
  0x000000001b03e800 JavaThread "Build operations Thread 11" [_thread_blocked, id=18408, stack(0x0000000028320000,0x0000000028420000)]
  0x000000001b03f000 JavaThread "Build operations Thread 10" [_thread_blocked, id=17040, stack(0x0000000028220000,0x0000000028320000)]
  0x000000001b040000 JavaThread "Build operations Thread 9" [_thread_blocked, id=11164, stack(0x0000000028120000,0x0000000028220000)]
  0x000000001b03d800 JavaThread "Build operations Thread 8" [_thread_blocked, id=4348, stack(0x0000000028020000,0x0000000028120000)]
  0x000000001b03c000 JavaThread "Build operations Thread 7" [_thread_blocked, id=8988, stack(0x0000000027f20000,0x0000000028020000)]
  0x000000001b03a800 JavaThread "Build operations Thread 6" [_thread_blocked, id=17544, stack(0x0000000027e20000,0x0000000027f20000)]
  0x000000001b03d000 JavaThread "Build operations Thread 5" [_thread_blocked, id=19992, stack(0x0000000027d20000,0x0000000027e20000)]
  0x000000001b033000 JavaThread "Build operations Thread 4" [_thread_blocked, id=17468, stack(0x0000000026c10000,0x0000000026d10000)]
  0x000000001b03a000 JavaThread "Build operations Thread 3" [_thread_blocked, id=3924, stack(0x0000000026830000,0x0000000026930000)]
  0x000000001b037800 JavaThread "Build operations Thread 2" [_thread_blocked, id=16064, stack(0x0000000026730000,0x0000000026830000)]
  0x000000001b037000 JavaThread "Build operations" [_thread_blocked, id=13620, stack(0x0000000026630000,0x0000000026730000)]
  0x000000001b036000 JavaThread "Cache worker for Build Output Cleanup Cache (D:\AndroidStudioProjects\AgenPPOB\.gradle\buildOutputCleanup)" [_thread_blocked, id=9136, stack(0x0000000024ca0000,0x0000000024da0000)]
  0x000000001b034000 JavaThread "Cache worker for file content cache (C:\Users\smart\.gradle\caches\6.5\fileContent)" [_thread_blocked, id=1796, stack(0x0000000024ba0000,0x0000000024ca0000)]
  0x000000001b034800 JavaThread "Cache worker for execution history cache (C:\Users\smart\.gradle\caches\6.5\executionHistory)" [_thread_blocked, id=13064, stack(0x00000000246a0000,0x00000000247a0000)]
  0x000000002074f000 JavaThread "Cache worker for cache directory md-rule (C:\Users\smart\.gradle\caches\6.5\md-rule)" [_thread_blocked, id=4748, stack(0x00000000243a0000,0x00000000244a0000)]
  0x000000002074e800 JavaThread "Cache worker for cache directory md-supplier (C:\Users\smart\.gradle\caches\6.5\md-supplier)" [_thread_blocked, id=1320, stack(0x00000000242a0000,0x00000000243a0000)]
  0x0000000020754800 JavaThread "Cache worker for checksums cache (D:\AndroidStudioProjects\AgenPPOB\.gradle\checksums)" [_thread_blocked, id=11356, stack(0x00000000241a0000,0x00000000242a0000)]
  0x0000000020753000 JavaThread "jar transforms Thread 25" [_thread_blocked, id=6896, stack(0x0000000023ea0000,0x0000000023fa0000)]
  0x0000000020752000 JavaThread "jar transforms Thread 24" [_thread_blocked, id=6488, stack(0x0000000023da0000,0x0000000023ea0000)]
  0x0000000020753800 JavaThread "jar transforms Thread 23" [_thread_blocked, id=12852, stack(0x0000000023ca0000,0x0000000023da0000)]
  0x0000000020755000 JavaThread "jar transforms Thread 22" [_thread_blocked, id=7736, stack(0x0000000023ba0000,0x0000000023ca0000)]
  0x0000000020750800 JavaThread "jar transforms Thread 21" [_thread_blocked, id=9284, stack(0x0000000023aa0000,0x0000000023ba0000)]
  0x000000002074a800 JavaThread "jar transforms Thread 20" [_thread_blocked, id=6088, stack(0x00000000239a0000,0x0000000023aa0000)]
  0x0000000020750000 JavaThread "jar transforms Thread 19" [_thread_blocked, id=15148, stack(0x00000000238a0000,0x00000000239a0000)]
  0x0000000020751800 JavaThread "jar transforms Thread 18" [_thread_blocked, id=18740, stack(0x00000000237a0000,0x00000000238a0000)]
  0x0000000020746800 JavaThread "jar transforms Thread 17" [_thread_blocked, id=14248, stack(0x00000000236a0000,0x00000000237a0000)]
  0x0000000020749000 JavaThread "jar transforms Thread 16" [_thread_blocked, id=14632, stack(0x00000000235a0000,0x00000000236a0000)]
  0x000000002074d800 JavaThread "jar transforms Thread 15" [_thread_blocked, id=1308, stack(0x00000000234a0000,0x00000000235a0000)]
  0x0000000020746000 JavaThread "jar transforms Thread 14" [_thread_blocked, id=11888, stack(0x00000000233a0000,0x00000000234a0000)]
  0x000000002074d000 JavaThread "jar transforms Thread 13" [_thread_blocked, id=2872, stack(0x00000000232a0000,0x00000000233a0000)]
  0x000000002074c000 JavaThread "jar transforms Thread 12" [_thread_blocked, id=6484, stack(0x00000000230a0000,0x00000000231a0000)]
  0x0000000020748000 JavaThread "jar transforms Thread 11" [_thread_blocked, id=14896, stack(0x0000000022fa0000,0x00000000230a0000)]
  0x000000002074b800 JavaThread "jar transforms Thread 10" [_thread_blocked, id=2208, stack(0x0000000022ea0000,0x0000000022fa0000)]
  0x0000000020747800 JavaThread "jar transforms Thread 9" [_thread_blocked, id=20388, stack(0x0000000022da0000,0x0000000022ea0000)]
  0x0000000020749800 JavaThread "jar transforms Thread 8" [_thread_blocked, id=9180, stack(0x0000000022b90000,0x0000000022c90000)]
  0x000000001ce9e800 JavaThread "jar transforms Thread 7" [_thread_blocked, id=15980, stack(0x0000000022a90000,0x0000000022b90000)]
  0x000000001cea5800 JavaThread "jar transforms Thread 6" [_thread_blocked, id=1648, stack(0x0000000022990000,0x0000000022a90000)]
  0x000000001cea4000 JavaThread "jar transforms Thread 5" [_thread_blocked, id=15380, stack(0x0000000021540000,0x0000000021640000)]
  0x000000001cea3000 JavaThread "jar transforms Thread 4" [_thread_blocked, id=12816, stack(0x0000000021440000,0x0000000021540000)]
  0x000000001cea2000 JavaThread "jar transforms Thread 3" [_thread_blocked, id=3352, stack(0x0000000021340000,0x0000000021440000)]
  0x000000001cea4800 JavaThread "jar transforms Thread 2" [_thread_blocked, id=13552, stack(0x0000000021240000,0x0000000021340000)]
  0x000000001cea1800 JavaThread "jar transforms" [_thread_blocked, id=6388, stack(0x0000000022890000,0x0000000022990000)]
  0x000000001cea0800 JavaThread "Cache worker for file hash cache (D:\AndroidStudioProjects\AgenPPOB\.gradle\6.5\fileHashes)" [_thread_blocked, id=17720, stack(0x0000000022ca0000,0x0000000022da0000)]
  0x000000001cea0000 JavaThread "Cache worker for file hash cache (C:\Users\smart\.gradle\caches\6.5\fileHashes)" [_thread_blocked, id=2464, stack(0x000000001efa0000,0x000000001f0a0000)]
  0x000000001ce9f000 JavaThread "File lock request listener" [_thread_in_native, id=10208, stack(0x000000001eea0000,0x000000001efa0000)]
  0x000000001b026000 JavaThread "Cache worker for journal cache (C:\Users\smart\.gradle\caches\journal-1)" [_thread_blocked, id=11944, stack(0x000000001eda0000,0x000000001eea0000)]
  0x000000001cc46000 JavaThread "Thread-9" [_thread_blocked, id=10896, stack(0x000000001eaa0000,0x000000001eba0000)]
  0x000000001cc45800 JavaThread "Stdin handler" [_thread_blocked, id=19188, stack(0x000000001e9a0000,0x000000001eaa0000)]
  0x000000001cc44800 JavaThread "Asynchronous log dispatcher for DefaultDaemonConnection: socket connection from /127.0.0.1:50749 to /127.0.0.1:50750" [_thread_blocked, id=2376, stack(0x000000001e8a0000,0x000000001e9a0000)]
  0x000000001cd25800 JavaThread "Daemon worker" [_thread_in_Java, id=2724, stack(0x000000001e7a0000,0x000000001e8a0000)]
  0x000000001cd25000 JavaThread "Cancel handler" [_thread_blocked, id=2612, stack(0x000000001e6a0000,0x000000001e7a0000)]
  0x000000001c74c000 JavaThread "Handler for socket connection from /127.0.0.1:50749 to /127.0.0.1:50750" [_thread_in_native, id=19356, stack(0x000000001e3a0000,0x000000001e4a0000)]
  0x000000001c747000 JavaThread "Daemon" [_thread_blocked, id=11900, stack(0x000000001e2a0000,0x000000001e3a0000)]
  0x000000001cbbf800 JavaThread "Daemon periodic checks" [_thread_blocked, id=7936, stack(0x000000001e1a0000,0x000000001e2a0000)]
  0x000000001cbbc800 JavaThread "Incoming local TCP Connector on port 50749" [_thread_in_native, id=12944, stack(0x000000001df60000,0x000000001e060000)]
  0x000000001bd48800 JavaThread "Daemon health stats" [_thread_blocked, id=19292, stack(0x000000001d920000,0x000000001da20000)]
  0x0000000019383000 JavaThread "Service Thread" daemon [_thread_blocked, id=7752, stack(0x000000001ad80000,0x000000001ae80000)]
  0x000000001934c800 JavaThread "C1 CompilerThread3" daemon [_thread_blocked, id=15880, stack(0x000000001ac80000,0x000000001ad80000)]
  0x000000001934c000 JavaThread "C2 CompilerThread2" daemon [_thread_in_native, id=20084, stack(0x000000001ab80000,0x000000001ac80000)]
  0x000000001933e000 JavaThread "C2 CompilerThread1" daemon [_thread_in_native, id=6376, stack(0x000000001aa80000,0x000000001ab80000)]
=>0x0000000019336800 JavaThread "C2 CompilerThread0" daemon [_thread_in_native, id=10544, stack(0x000000001a980000,0x000000001aa80000)]
  0x0000000019334800 JavaThread "Attach Listener" daemon [_thread_blocked, id=6452, stack(0x000000001a880000,0x000000001a980000)]
  0x0000000019330000 JavaThread "Signal Dispatcher" daemon [_thread_blocked, id=16712, stack(0x000000001a780000,0x000000001a880000)]
  0x00000000029ca800 JavaThread "Finalizer" daemon [_thread_blocked, id=19808, stack(0x000000001a580000,0x000000001a680000)]
  0x0000000017c3c000 JavaThread "Reference Handler" daemon [_thread_blocked, id=9492, stack(0x000000001a480000,0x000000001a580000)]
  0x00000000028ce800 JavaThread "main" [_thread_blocked, id=17728, stack(0x00000000027c0000,0x00000000028c0000)]

Other Threads:
  0x0000000017c35800 VMThread [stack: 0x000000001a380000,0x000000001a480000] [id=16788]
  0x0000000019384800 WatcherThread [stack: 0x000000001ae80000,0x000000001af80000] [id=5176]

VM state:not at safepoint (normal execution)

VM Mutex/Monitor currently owned by a thread: None

heap address: 0x0000000080000000, size: 2048 MB, Compressed Oops mode: 32-bit
Narrow klass base: 0x0000000000000000, Narrow klass shift: 3
Compressed class space size: 1073741824 Address: 0x0000000100000000

Heap:
 PSYoungGen      total 183808K, used 95149K [0x00000000d5580000, 0x00000000e2e80000, 0x0000000100000000)
  eden space 174080K, 49% used [0x00000000d5580000,0x00000000da927f90,0x00000000dff80000)
  from space 9728K, 97% used [0x00000000e2500000,0x00000000e2e435e8,0x00000000e2e80000)
  to   space 13312K, 0% used [0x00000000e1480000,0x00000000e1480000,0x00000000e2180000)
 ParOldGen       total 86528K, used 15938K [0x0000000080000000, 0x0000000085480000, 0x00000000d5580000)
  object space 86528K, 18% used [0x0000000080000000,0x0000000080f909f0,0x0000000085480000)
 Metaspace       used 45438K, capacity 47628K, committed 47832K, reserved 1091584K
  class space    used 6150K, capacity 6624K, committed 6656K, reserved 1048576K

Card table byte_map: [0x0000000011d90000,0x00000000121a0000] byte_map_base: 0x0000000011990000

Marking Bits: (ParMarkBitMap*) 0x00000000641ef030
 Begin Bits: [0x0000000012e50000, 0x0000000014e50000)
 End Bits:   [0x0000000014e50000, 0x0000000016e50000)

Polling page: 0x0000000000e90000

CodeCache: size=245760Kb used=13696Kb max_used=13705Kb free=232063Kb
 bounds [0x00000000029d0000, 0x0000000003740000, 0x00000000119d0000]
 total_blobs=4643 nmethods=3906 adapters=649
 compilation: enabled

Compilation events (10 events):
Event: 9.757 Thread 0x000000001934c000 nmethod 4265 0x0000000003739dd0 code [0x0000000003739f00, 0x0000000003739f98]
Event: 9.806 Thread 0x000000001934c800 4266       1       java.lang.Enum::name (5 bytes)
Event: 9.806 Thread 0x000000001934c800 nmethod 4266 0x0000000003739b10 code [0x0000000003739c60, 0x0000000003739d70]
Event: 9.830 Thread 0x000000001934c000 4267       4       org.objectweb.asm.ByteVector::put122 (93 bytes)
Event: 9.830 Thread 0x000000001934c800 4268       3       org.objectweb.asm.SymbolTable::addConstantIntegerOrFloat (100 bytes)
Event: 9.831 Thread 0x000000001934c800 nmethod 4268 0x0000000003738fd0 code [0x00000000037391a0, 0x0000000003739798]
Event: 9.832 Thread 0x000000001934c000 nmethod 4267 0x0000000003731b90 code [0x0000000003731ce0, 0x0000000003731ea8]
Event: 9.832 Thread 0x000000001934c000 4269       4       org.gradle.internal.service.DefaultServiceRegistry$OwnServices::getService (309 bytes)
Event: 9.856 Thread 0x000000001934c800 4271       3       sun.reflect.generics.repository.GenericDeclRepository::<init> (7 bytes)
Event: 9.857 Thread 0x000000001934c800 nmethod 4271 0x000000000373af50 code [0x000000000373b0c0, 0x000000000373b3c8]

GC Heap History (10 events):
Event: 6.247 GC heap before
{Heap before GC invocations=6 (full 1):
 PSYoungGen      total 75776K, used 65024K [0x00000000d5580000, 0x00000000de980000, 0x0000000100000000)
  eden space 65024K, 100% used [0x00000000d5580000,0x00000000d9500000,0x00000000d9500000)
  from space 10752K, 0% used [0x00000000d9f80000,0x00000000d9f80000,0x00000000daa00000)
  to   space 10752K, 0% used [0x00000000d9500000,0x00000000d9500000,0x00000000d9f80000)
 ParOldGen       total 86528K, used 7052K [0x0000000080000000, 0x0000000085480000, 0x00000000d5580000)
  object space 86528K, 8% used [0x0000000080000000,0x00000000806e3300,0x0000000085480000)
 Metaspace       used 24345K, capacity 25364K, committed 25600K, reserved 1071104K
  class space    used 3477K, capacity 3736K, committed 3840K, reserved 1048576K
Event: 6.253 GC heap after
Heap after GC invocations=6 (full 1):
 PSYoungGen      total 75776K, used 5767K [0x00000000d5580000, 0x00000000dde80000, 0x0000000100000000)
  eden space 65024K, 0% used [0x00000000d5580000,0x00000000d5580000,0x00000000d9500000)
  from space 10752K, 53% used [0x00000000d9500000,0x00000000d9aa1fe0,0x00000000d9f80000)
  to   space 12800K, 0% used [0x00000000dd200000,0x00000000dd200000,0x00000000dde80000)
 ParOldGen       total 86528K, used 7060K [0x0000000080000000, 0x0000000085480000, 0x00000000d5580000)
  object space 86528K, 8% used [0x0000000080000000,0x00000000806e5300,0x0000000085480000)
 Metaspace       used 24345K, capacity 25364K, committed 25600K, reserved 1071104K
  class space    used 3477K, capacity 3736K, committed 3840K, reserved 1048576K
}
Event: 7.198 GC heap before
{Heap before GC invocations=7 (full 1):
 PSYoungGen      total 75776K, used 70791K [0x00000000d5580000, 0x00000000dde80000, 0x0000000100000000)
  eden space 65024K, 100% used [0x00000000d5580000,0x00000000d9500000,0x00000000d9500000)
  from space 10752K, 53% used [0x00000000d9500000,0x00000000d9aa1fe0,0x00000000d9f80000)
  to   space 12800K, 0% used [0x00000000dd200000,0x00000000dd200000,0x00000000dde80000)
 ParOldGen       total 86528K, used 7060K [0x0000000080000000, 0x0000000085480000, 0x00000000d5580000)
  object space 86528K, 8% used [0x0000000080000000,0x00000000806e5300,0x0000000085480000)
 Metaspace       used 32630K, capacity 33826K, committed 34176K, reserved 1079296K
  class space    used 4402K, capacity 4724K, committed 4736K, reserved 1048576K
Event: 7.212 GC heap after
Heap after GC invocations=7 (full 1):
 PSYoungGen      total 126464K, used 10783K [0x00000000d5580000, 0x00000000ddf80000, 0x0000000100000000)
  eden space 113664K, 0% used [0x00000000d5580000,0x00000000d5580000,0x00000000dc480000)
  from space 12800K, 84% used [0x00000000dd200000,0x00000000ddc87d70,0x00000000dde80000)
  to   space 13824K, 0% used [0x00000000dc480000,0x00000000dc480000,0x00000000dd200000)
 ParOldGen       total 86528K, used 7068K [0x0000000080000000, 0x0000000085480000, 0x00000000d5580000)
  object space 86528K, 8% used [0x0000000080000000,0x00000000806e7300,0x0000000085480000)
 Metaspace       used 32630K, capacity 33826K, committed 34176K, reserved 1079296K
  class space    used 4402K, capacity 4724K, committed 4736K, reserved 1048576K
}
Event: 7.619 GC heap before
{Heap before GC invocations=8 (full 1):
 PSYoungGen      total 126464K, used 46167K [0x00000000d5580000, 0x00000000ddf80000, 0x0000000100000000)
  eden space 113664K, 31% used [0x00000000d5580000,0x00000000d780e088,0x00000000dc480000)
  from space 12800K, 84% used [0x00000000dd200000,0x00000000ddc87d70,0x00000000dde80000)
  to   space 13824K, 0% used [0x00000000dc480000,0x00000000dc480000,0x00000000dd200000)
 ParOldGen       total 86528K, used 7068K [0x0000000080000000, 0x0000000085480000, 0x00000000d5580000)
  object space 86528K, 8% used [0x0000000080000000,0x00000000806e7300,0x0000000085480000)
 Metaspace       used 33941K, capacity 35250K, committed 35416K, reserved 1079296K
  class space    used 4574K, capacity 4880K, committed 4992K, reserved 1048576K
Event: 7.628 GC heap after
Heap after GC invocations=8 (full 1):
 PSYoungGen      total 127488K, used 9464K [0x00000000d5580000, 0x00000000e3280000, 0x0000000100000000)
  eden space 113664K, 0% used [0x00000000d5580000,0x00000000d5580000,0x00000000dc480000)
  from space 13824K, 68% used [0x00000000dc480000,0x00000000dcdbe3e8,0x00000000dd200000)
  to   space 13824K, 0% used [0x00000000e2500000,0x00000000e2500000,0x00000000e3280000)
 ParOldGen       total 86528K, used 7076K [0x0000000080000000, 0x0000000085480000, 0x00000000d5580000)
  object space 86528K, 8% used [0x0000000080000000,0x00000000806e9300,0x0000000085480000)
 Metaspace       used 33941K, capacity 35250K, committed 35416K, reserved 1079296K
  class space    used 4574K, capacity 4880K, committed 4992K, reserved 1048576K
}
Event: 7.628 GC heap before
{Heap before GC invocations=9 (full 2):
 PSYoungGen      total 127488K, used 9464K [0x00000000d5580000, 0x00000000e3280000, 0x0000000100000000)
  eden space 113664K, 0% used [0x00000000d5580000,0x00000000d5580000,0x00000000dc480000)
  from space 13824K, 68% used [0x00000000dc480000,0x00000000dcdbe3e8,0x00000000dd200000)
  to   space 13824K, 0% used [0x00000000e2500000,0x00000000e2500000,0x00000000e3280000)
 ParOldGen       total 86528K, used 7076K [0x0000000080000000, 0x0000000085480000, 0x00000000d5580000)
  object space 86528K, 8% used [0x0000000080000000,0x00000000806e9300,0x0000000085480000)
 Metaspace       used 33941K, capacity 35250K, committed 35416K, reserved 1079296K
  class space    used 4574K, capacity 4880K, committed 4992K, reserved 1048576K
Event: 7.684 GC heap after
Heap after GC invocations=9 (full 2):
 PSYoungGen      total 127488K, used 0K [0x00000000d5580000, 0x00000000e3280000, 0x0000000100000000)
  eden space 113664K, 0% used [0x00000000d5580000,0x00000000d5580000,0x00000000dc480000)
  from space 13824K, 0% used [0x00000000dc480000,0x00000000dc480000,0x00000000dd200000)
  to   space 13824K, 0% used [0x00000000e2500000,0x00000000e2500000,0x00000000e3280000)
 ParOldGen       total 86528K, used 15930K [0x0000000080000000, 0x0000000085480000, 0x00000000d5580000)
  object space 86528K, 18% used [0x0000000080000000,0x0000000080f8e9f0,0x0000000085480000)
 Metaspace       used 33941K, capacity 35250K, committed 35416K, reserved 1079296K
  class space    used 4574K, capacity 4880K, committed 4992K, reserved 1048576K
}
Event: 8.825 GC heap before
{Heap before GC invocations=10 (full 2):
 PSYoungGen      total 127488K, used 113664K [0x00000000d5580000, 0x00000000e3280000, 0x0000000100000000)
  eden space 113664K, 100% used [0x00000000d5580000,0x00000000dc480000,0x00000000dc480000)
  from space 13824K, 0% used [0x00000000dc480000,0x00000000dc480000,0x00000000dd200000)
  to   space 13824K, 0% used [0x00000000e2500000,0x00000000e2500000,0x00000000e3280000)
 ParOldGen       total 86528K, used 15930K [0x0000000080000000, 0x0000000085480000, 0x00000000d5580000)
  object space 86528K, 18% used [0x0000000080000000,0x0000000080f8e9f0,0x0000000085480000)
 Metaspace       used 38613K, capacity 40436K, committed 40536K, reserved 1083392K
  class space    used 5316K, capacity 5719K, committed 5760K, reserved 1048576K
Event: 8.837 GC heap after
Heap after GC invocations=10 (full 2):
 PSYoungGen      total 183808K, used 9485K [0x00000000d5580000, 0x00000000e2e80000, 0x0000000100000000)
  eden space 174080K, 0% used [0x00000000d5580000,0x00000000d5580000,0x00000000dff80000)
  from space 9728K, 97% used [0x00000000e2500000,0x00000000e2e435e8,0x00000000e2e80000)
  to   space 13312K, 0% used [0x00000000e1480000,0x00000000e1480000,0x00000000e2180000)
 ParOldGen       total 86528K, used 15938K [0x0000000080000000, 0x0000000085480000, 0x00000000d5580000)
  object space 86528K, 18% used [0x0000000080000000,0x0000000080f909f0,0x0000000085480000)
 Metaspace       used 38613K, capacity 40436K, committed 40536K, reserved 1083392K
  class space    used 5316K, capacity 5719K, committed 5760K, reserved 1048576K
}

Deoptimization events (10 events):
Event: 8.768 Thread 0x000000001b040800 Uncommon trap: reason=unstable_if action=reinterpret pc=0x0000000002ca68e0 method=java.util.regex.Pattern.has(I)Z @ 6
Event: 8.768 Thread 0x000000001b040800 Uncommon trap: reason=unstable_if action=reinterpret pc=0x0000000002d00050 method=java.util.regex.Pattern.has(I)Z @ 6
Event: 8.929 Thread 0x000000001cd25800 Uncommon trap: reason=bimorphic action=maybe_recompile pc=0x00000000033b0100 method=java.util.AbstractCollection.addAll(Ljava/util/Collection;)Z @ 29
Event: 8.943 Thread 0x000000001cd25800 Uncommon trap: reason=unstable_if action=reinterpret pc=0x0000000002d3f96c method=java.util.jar.JarFile.match([C[B[I[I)Z @ 29
Event: 9.052 Thread 0x000000001cd25800 Uncommon trap: reason=bimorphic action=maybe_recompile pc=0x00000000033b0100 method=java.util.AbstractCollection.addAll(Ljava/util/Collection;)Z @ 29
Event: 9.076 Thread 0x000000001cd25800 Uncommon trap: reason=predicate action=maybe_recompile pc=0x0000000002f59948 method=com.google.common.base.CharMatcher.indexIn(Ljava/lang/CharSequence;I)I @ 22
Event: 9.249 Thread 0x000000001cd25800 Uncommon trap: reason=unstable_if action=reinterpret pc=0x00000000031a6b7c method=java.io.BufferedInputStream.read([BII)I @ 56
Event: 9.275 Thread 0x000000001cd25800 Uncommon trap: reason=bimorphic action=maybe_recompile pc=0x00000000033b0100 method=java.util.AbstractCollection.addAll(Ljava/util/Collection;)Z @ 29
Event: 9.576 Thread 0x000000001cd25800 Uncommon trap: reason=unstable_if action=reinterpret pc=0x000000000336f49c method=org.objectweb.asm.ByteVector.putUTF8(Ljava/lang/String;)Lorg/objectweb/asm/ByteVector; @ 93
Event: 9.588 Thread 0x000000001cd25800 Uncommon trap: reason=unstable_if action=reinterpret pc=0x000000000310dc68 method=org.objectweb.asm.ByteVector.putUTF8(Ljava/lang/String;)Lorg/objectweb/asm/ByteVector; @ 93

Classes redefined (0 events):
No events

Internal exceptions (10 events):
Event: 9.039 Thread 0x000000001cd25800 Exception <a 'java/lang/ClassNotFoundException': org/gradle/api/internal/AbstractTaskCustomizer> (0x00000000d7353990) thrown at [C:\src\AOSP-openjdk-git\hotspot\src\share\vm\classfile\systemDictionary.cpp, line 210]
Event: 9.041 Thread 0x000000001cd25800 Exception <a 'java/lang/ClassNotFoundException': org/gradle/api/DefaultTaskCustomizer> (0x00000000d73e71b8) thrown at [C:\src\AOSP-openjdk-git\hotspot\src\share\vm\classfile\systemDictionary.cpp, line 210]
Event: 9.042 Thread 0x000000001cd25800 Exception <a 'java/lang/ClassNotFoundException': org/gradle/api/internal/ConventionTaskCustomizer> (0x00000000d742c998) thrown at [C:\src\AOSP-openjdk-git\hotspot\src\share\vm\classfile\systemDictionary.cpp, line 210]
Event: 9.043 Thread 0x000000001cd25800 Exception <a 'java/lang/ClassNotFoundException': org/gradle/api/tasks/DeleteCustomizer> (0x00000000d746ea00) thrown at [C:\src\AOSP-openjdk-git\hotspot\src\share\vm\classfile\systemDictionary.cpp, line 210]
Event: 9.044 Thread 0x000000001cd25800 Exception <a 'java/lang/ClassNotFoundException': org/gradle/api/tasks/Delete_DecoratedCustomizer> (0x00000000d74be3b8) thrown at [C:\src\AOSP-openjdk-git\hotspot\src\share\vm\classfile\systemDictionary.cpp, line 210]
Event: 9.066 Thread 0x000000001cd25800 Exception <a 'java/lang/ClassNotFoundException': build_58cxvot5441crtiq48hihqpyeBeanInfo> (0x00000000d76087a8) thrown at [C:\src\AOSP-openjdk-git\hotspot\src\share\vm\classfile\systemDictionary.cpp, line 210]
Event: 9.066 Thread 0x000000001cd25800 Exception <a 'java/lang/ClassNotFoundException': build_58cxvot5441crtiq48hihqpyeCustomizer> (0x00000000d76143e8) thrown at [C:\src\AOSP-openjdk-git\hotspot\src\share\vm\classfile\systemDictionary.cpp, line 210]
Event: 9.073 Thread 0x000000001cd25800 Exception <a 'java/lang/ClassNotFoundException': org/gradle/plugin/use/internal/PluginRequestCollector$PluginDependenciesSpecImplBeanInfo> (0x00000000d76b8988) thrown at [C:\src\AOSP-openjdk-git\hotspot\src\share\vm\classfile\systemDictionary.cpp, line 21
Event: 9.074 Thread 0x000000001cd25800 Exception <a 'java/lang/ClassNotFoundException': org/gradle/plugin/use/internal/PluginRequestCollector$PluginDependenciesSpecImplCustomizer> (0x00000000d76f88c8) thrown at [C:\src\AOSP-openjdk-git\hotspot\src\share\vm\classfile\systemDictionary.cpp, line 
Event: 9.414 Thread 0x000000001cd25800 Exception <a 'sun/nio/fs/WindowsException'> (0x00000000d8f4edc8) thrown at [C:\src\AOSP-openjdk-git\hotspot\src\share\vm\prims\jni.cpp, line 710]

Events (10 events):
Event: 9.861 loading class com/android/repository/Revision
Event: 9.861 loading class com/android/repository/Revision done
Event: 9.861 loading class com/android/build/gradle/internal/plugins/BasePlugin
Event: 9.861 loading class com/android/build/gradle/internal/plugins/BasePlugin done
Event: 9.861 loading class com/android/build/gradle/internal/plugins/BasePlugin
Event: 9.861 loading class com/android/build/gradle/internal/plugins/BasePlugin done
Event: 9.861 loading class com/android/build/gradle/internal/plugins/BasePlugin
Event: 9.861 loading class com/android/build/gradle/internal/plugins/BasePlugin done
Event: 9.861 loading class com/android/build/gradle/internal/SdkComponentsBuildService
Event: 9.861 loading class com/android/build/gradle/internal/SdkComponentsBuildService done


Dynamic libraries:
0x00007ff667e00000 - 0x00007ff667e31000 	C:\Program Files\Android\Android Studio\jre\bin\java.exe
0x00007ffe8c1b0000 - 0x00007ffe8c3a5000 	C:\WINDOWS\SYSTEM32\ntdll.dll
0x00007ffe8b0a0000 - 0x00007ffe8b15d000 	C:\WINDOWS\System32\KERNEL32.DLL
0x00007ffe89c50000 - 0x00007ffe89f18000 	C:\WINDOWS\System32\KERNELBASE.dll
0x00007ffe8b510000 - 0x00007ffe8b5bc000 	C:\WINDOWS\System32\ADVAPI32.dll
0x00007ffe8a6c0000 - 0x00007ffe8a75e000 	C:\WINDOWS\System32\msvcrt.dll
0x00007ffe8a230000 - 0x00007ffe8a2cb000 	C:\WINDOWS\System32\sechost.dll
0x00007ffe8a2d0000 - 0x00007ffe8a3fb000 	C:\WINDOWS\System32\RPCRT4.dll
0x00007ffe8b790000 - 0x00007ffe8b930000 	C:\WINDOWS\System32\USER32.dll
0x00007ffe89b80000 - 0x00007ffe89ba2000 	C:\WINDOWS\System32\win32u.dll
0x00007ffe8b4c0000 - 0x00007ffe8b4ea000 	C:\WINDOWS\System32\GDI32.dll
0x00007ffe898f0000 - 0x00007ffe899fb000 	C:\WINDOWS\System32\gdi32full.dll
0x00007ffe89bb0000 - 0x00007ffe89c4d000 	C:\WINDOWS\System32\msvcp_win.dll
0x00007ffe89a00000 - 0x00007ffe89b00000 	C:\WINDOWS\System32\ucrtbase.dll
0x00007ffe677e0000 - 0x00007ffe67a7a000 	C:\WINDOWS\WinSxS\amd64_microsoft.windows.common-controls_6595b64144ccf1df_6.0.19041.1052_none_60b8f8fd71f5e8cb\COMCTL32.dll
0x00007ffe8ab90000 - 0x00007ffe8abc0000 	C:\WINDOWS\System32\IMM32.DLL
0x0000000064670000 - 0x0000000064742000 	C:\Program Files\Android\Android Studio\jre\jre\bin\msvcr100.dll
0x0000000063a20000 - 0x000000006426b000 	C:\Program Files\Android\Android Studio\jre\jre\bin\server\jvm.dll
0x00007ffe8a220000 - 0x00007ffe8a228000 	C:\WINDOWS\System32\PSAPI.DLL
0x00007ffe86120000 - 0x00007ffe86129000 	C:\WINDOWS\SYSTEM32\WSOCK32.dll
0x00007ffe825a0000 - 0x00007ffe825aa000 	C:\WINDOWS\SYSTEM32\VERSION.dll
0x00007ffe8b030000 - 0x00007ffe8b09b000 	C:\WINDOWS\System32\WS2_32.dll
0x00007ffe78b60000 - 0x00007ffe78b87000 	C:\WINDOWS\SYSTEM32\WINMM.dll
0x00007ffe862a0000 - 0x00007ffe862af000 	C:\Program Files\Android\Android Studio\jre\jre\bin\verify.dll
0x00007ffe84400000 - 0x00007ffe84429000 	C:\Program Files\Android\Android Studio\jre\jre\bin\java.dll
0x00007ffe85d50000 - 0x00007ffe85d66000 	C:\Program Files\Android\Android Studio\jre\jre\bin\zip.dll
0x00007ffe8ba30000 - 0x00007ffe8c16f000 	C:\WINDOWS\System32\SHELL32.dll
0x00007ffe87a40000 - 0x00007ffe881d0000 	C:\WINDOWS\SYSTEM32\windows.storage.dll
0x00007ffe8b160000 - 0x00007ffe8b4b5000 	C:\WINDOWS\System32\combase.dll
0x00007ffe89360000 - 0x00007ffe8938c000 	C:\WINDOWS\SYSTEM32\Wldp.dll
0x00007ffe8aae0000 - 0x00007ffe8ab8e000 	C:\WINDOWS\System32\SHCORE.dll
0x00007ffe8a400000 - 0x00007ffe8a455000 	C:\WINDOWS\System32\shlwapi.dll
0x00007ffe89830000 - 0x00007ffe8984f000 	C:\WINDOWS\SYSTEM32\profapi.dll
0x00007ffe856f0000 - 0x00007ffe8570a000 	C:\Program Files\Android\Android Studio\jre\jre\bin\net.dll
0x00007ffe890d0000 - 0x00007ffe8913a000 	C:\WINDOWS\system32\mswsock.dll
0x00007ffe84390000 - 0x00007ffe843a3000 	C:\Program Files\Android\Android Studio\jre\jre\bin\nio.dll
0x00007ffe6afe0000 - 0x00007ffe6b007000 	C:\Users\smart\.gradle\native\f6784746aeab05261644944871eae4fe03e0ef1612fff0a4a95f87b438bc6780\windows-amd64\native-platform.dll
0x00007ffe86100000 - 0x00007ffe8610d000 	C:\Program Files\Android\Android Studio\jre\jre\bin\management.dll
0x00007ffe892a0000 - 0x00007ffe892b8000 	C:\WINDOWS\SYSTEM32\CRYPTSP.dll
0x00007ffe88a00000 - 0x00007ffe88a34000 	C:\WINDOWS\system32\rsaenh.dll
0x00007ffe89b50000 - 0x00007ffe89b77000 	C:\WINDOWS\System32\bcrypt.dll
0x00007ffe897f0000 - 0x00007ffe8981e000 	C:\WINDOWS\SYSTEM32\USERENV.dll
0x00007ffe89f20000 - 0x00007ffe89fa3000 	C:\WINDOWS\System32\bcryptprimitives.dll
0x00007ffe892c0000 - 0x00007ffe892cc000 	C:\WINDOWS\SYSTEM32\CRYPTBASE.dll
0x00007ffe88d70000 - 0x00007ffe88dab000 	C:\WINDOWS\SYSTEM32\IPHLPAPI.DLL
0x00007ffe8b500000 - 0x00007ffe8b508000 	C:\WINDOWS\System32\NSI.dll
0x00007ffe819c0000 - 0x00007ffe819d7000 	C:\WINDOWS\SYSTEM32\dhcpcsvc6.DLL
0x00007ffe820b0000 - 0x00007ffe820cd000 	C:\WINDOWS\SYSTEM32\dhcpcsvc.DLL
0x00007ffe88db0000 - 0x00007ffe88e7c000 	C:\WINDOWS\SYSTEM32\DNSAPI.dll
0x00007ffe82970000 - 0x00007ffe8297b000 	C:\WINDOWS\SYSTEM32\WINNSI.DLL

VM Arguments:
jvm_args: -Xmx2048m -Dfile.encoding=UTF-8 -Duser.country=ID -Duser.language=en -Duser.variant 
java_command: org.gradle.launcher.daemon.bootstrap.GradleDaemon 6.5
java_class_path (initial): C:\Users\smart\.gradle\wrapper\dists\gradle-6.5-bin\6nifqtx7604sqp1q6g8wikw7p\gradle-6.5\lib\gradle-launcher-6.5.jar
Launcher Type: SUN_STANDARD

Environment Variables:
PATH=C:\Program Files (x86)\Common Files\Oracle\Java\javapath;C:\Python39\Scripts\;C:\Python39\;C:\Windows\system32;C:\Windows;C:\Windows\System32\Wbem;C:\Windows\System32\WindowsPowerShell\v1.0\;C:\Windows\System32\OpenSSH\;C:\Program Files (x86)\NVIDIA Corporation\PhysX\Common;C:\Program Files\NVIDIA Corporation\NVIDIA NvDLISR;C:\WINDOWS\system32;C:\WINDOWS;C:\WINDOWS\System32\Wbem;C:\WINDOWS\System32\WindowsPowerShell\v1.0\;C:\WINDOWS\System32\OpenSSH\;C:\Users\smart\OneDrive\Desktop\Interception\command line installer;C:\Program Files\nodejs\;C:\ProgramData\chocolatey\bin;C:\Gradle\gradle-6.7.1\bin;C:\xampp\php;C:\ProgramData\ComposerSetup\bin;C:\Program Files (x86)\dotnet\;C:\Users\smart\AppData\Local\Microsoft\WindowsApps;;C:\Users\smart\AppData\Local\Programs\Microsoft VS Code\bin;C:\Users\smart\AppData\Roaming\npm;C:\Users\smart\AppData\Roaming\Composer\vendor\bin
USERNAME=Imdvlpr_
OS=Windows_NT
PROCESSOR_IDENTIFIER=Intel64 Family 6 Model 158 Stepping 10, GenuineIntel



---------------  S Y S T E M  ---------------

OS: Windows 10.0 , 64 bit Build 19041 (10.0.19041.1023)

CPU:total 12 (initial active 12) (6 cores per cpu, 2 threads per core) family 6 model 158 stepping 10, cmov, cx8, fxsr, mmx, sse, sse2, sse3, ssse3, sse4.1, sse4.2, popcnt, avx, avx2, aes, clmul, erms, 3dnowpref, lzcnt, ht, tsc, tscinvbit, bmi1, bmi2, adx

Memory: 4k page, physical 16610356k(415448k free), swap 53377712k(5908k free)

vm_info: OpenJDK 64-Bit Server VM (25.242-b01) for windows-amd64 JRE (1.8.0_242-release-1644-b01), built by "builder" with MS VC++ 10.0 (VS2010)

time: Tue Jun 29 01:37:43 2021
timezone: SE Asia Standard Time
elapsed time: 9 seconds (0d 0h 0m 9s)

